<?xml version="1.0" encoding="UTF-8"?>
<testng-results skipped="0" failed="0" ignored="0" total="3" passed="3">
  <reporter-output>
  </reporter-output>
  <suite name="Default suite" duration-ms="25997" started-at="2020-05-23T22:50:10 IST" finished-at="2020-05-23T22:50:36 IST">
    <groups>
    </groups>
    <test name="Default test" duration-ms="25997" started-at="2020-05-23T22:50:10 IST" finished-at="2020-05-23T22:50:36 IST">
      <class name="com.tests.CalTest">
        <test-method status="PASS" signature="setup()[pri:0, instance:com.tests.CalTest@1dfe2924]" name="setup" is-config="true" duration-ms="14362" started-at="2020-05-23T22:50:10 IST" finished-at="2020-05-23T22:50:24 IST">
          <reporter-output>
          </reporter-output>
        </test-method> <!-- setup -->
        <test-method status="PASS" signature="sumTest()[pri:1, instance:com.tests.CalTest@1dfe2924]" name="sumTest" duration-ms="5803" started-at="2020-05-23T22:50:24 IST" finished-at="2020-05-23T22:50:30 IST">
          <reporter-output>
          </reporter-output>
        </test-method> <!-- sumTest -->
        <test-method status="PASS" signature="subTest()[pri:2, instance:com.tests.CalTest@1dfe2924]" name="subTest" duration-ms="2807" started-at="2020-05-23T22:50:30 IST" finished-at="2020-05-23T22:50:33 IST">
          <reporter-output>
          </reporter-output>
        </test-method> <!-- subTest -->
        <test-method status="PASS" signature="divTest()[pri:3, instance:com.tests.CalTest@1dfe2924]" name="divTest" duration-ms="2931" started-at="2020-05-23T22:50:33 IST" finished-at="2020-05-23T22:50:36 IST">
          <reporter-output>
          </reporter-output>
        </test-method> <!-- divTest -->
      </class> <!-- com.tests.CalTest -->
    </test> <!-- Default test -->
  </suite> <!-- Default suite -->
</testng-results>
